<?xml version="1.0" encoding="UTF-8"?>
<!-- Generated by org.testng.reporters.JUnitXMLReporter -->
<testsuite ignored="0" hostname="LAPTOP-9O8MS6L0" failures="1" tests="1" name="EdgeTest" time="27.946" errors="0" timestamp="2025-07-11T19:21:21 IST">
  <testcase classname="Amazon.Automation.AmazonTest" name="verifyAmazonHomePage" time="19.036">
    <failure type="org.openqa.selenium.WebDriverException" message="unknown error: session deleted because of page crash
from unknown error: cannot determine loading status
from tab crashed
  (Session info: MicrosoftEdge=124.0.2478.80)
Build info: version: &amp;apos;4.34.0&amp;apos;, revision: &amp;apos;707dcb4246*&amp;apos;
System info: os.name: &amp;apos;Windows 11&amp;apos;, os.arch: &amp;apos;amd64&amp;apos;, os.version: &amp;apos;10.0&amp;apos;, java.version: &amp;apos;22.0.2&amp;apos;
Driver info: org.openqa.selenium.remote.RemoteWebDriver
Command: [929aa21cc8a39a3e299fde24e14fe912, get {url=https://www.amazon.in/}]
Capabilities {acceptInsecureCerts: false, browserName: MicrosoftEdge, browserVersion: 124.0.2478.80, fedcm:accounts: true, ms:edgeOptions: {debuggerAddress: localhost:42377}, msedge: {msedgedriverVersion: 124.0.2478.80 (b05b378d1705..., userDataDir: /tmp/.com.microsoft.Edge.L2...}, networkConnectionEnabled: false, pageLoadStrategy: normal, platformName: linux, proxy: Proxy(), se:bidiEnabled: false, se:cdp: ws://172.18.0.4:4444/sessio..., se:cdpVersion: 124.0.2478.80, se:vnc: ws://172.18.0.4:4444/sessio..., se:vncEnabled: true, se:vncLocalAddress: ws://172.18.0.4:7900, setWindowRect: true, strictFileInteractability: false, timeouts: {implicit: 0, pageLoad: 300000, script: 30000}, unhandledPromptBehavior: dismiss and notify, webauthn:extension:credBlob: true, webauthn:extension:largeBlob: true, webauthn:extension:minPinLength: true, webauthn:extension:prf: true, webauthn:virtualAuthenticators: true}
Session ID: 929aa21cc8a39a3e299fde24e14fe912">
      <![CDATA[org.openqa.selenium.WebDriverException: unknown error: session deleted because of page crash
from unknown error: cannot determine loading status
from tab crashed
  (Session info: MicrosoftEdge=124.0.2478.80)
Build info: version: '4.34.0', revision: '707dcb4246*'
System info: os.name: 'Windows 11', os.arch: 'amd64', os.version: '10.0', java.version: '22.0.2'
Driver info: org.openqa.selenium.remote.RemoteWebDriver
Command: [929aa21cc8a39a3e299fde24e14fe912, get {url=https://www.amazon.in/}]
Capabilities {acceptInsecureCerts: false, browserName: MicrosoftEdge, browserVersion: 124.0.2478.80, fedcm:accounts: true, ms:edgeOptions: {debuggerAddress: localhost:42377}, msedge: {msedgedriverVersion: 124.0.2478.80 (b05b378d1705..., userDataDir: /tmp/.com.microsoft.Edge.L2...}, networkConnectionEnabled: false, pageLoadStrategy: normal, platformName: linux, proxy: Proxy(), se:bidiEnabled: false, se:cdp: ws://172.18.0.4:4444/sessio..., se:cdpVersion: 124.0.2478.80, se:vnc: ws://172.18.0.4:4444/sessio..., se:vncEnabled: true, se:vncLocalAddress: ws://172.18.0.4:7900, setWindowRect: true, strictFileInteractability: false, timeouts: {implicit: 0, pageLoad: 300000, script: 30000}, unhandledPromptBehavior: dismiss and notify, webauthn:extension:credBlob: true, webauthn:extension:largeBlob: true, webauthn:extension:minPinLength: true, webauthn:extension:prf: true, webauthn:virtualAuthenticators: true}
Session ID: 929aa21cc8a39a3e299fde24e14fe912
at org.openqa.selenium.remote.ErrorCodec.decode(ErrorCodec.java:167)
at org.openqa.selenium.remote.codec.w3c.W3CHttpResponseCodec.decode(W3CHttpResponseCodec.java:138)
at org.openqa.selenium.remote.codec.w3c.W3CHttpResponseCodec.decode(W3CHttpResponseCodec.java:50)
at org.openqa.selenium.remote.HttpCommandExecutor.execute(HttpCommandExecutor.java:215)
at org.openqa.selenium.remote.TracedCommandExecutor.execute(TracedCommandExecutor.java:53)
at org.openqa.selenium.remote.RemoteWebDriver.execute(RemoteWebDriver.java:544)
at org.openqa.selenium.remote.RemoteWebDriver.get(RemoteWebDriver.java:312)
at Amazon.Automation.AmazonTest.verifyAmazonHomePage(AmazonTest.java:13)
at java.base/java.util.ArrayList.forEach(ArrayList.java:1597)
at java.base/java.util.concurrent.FutureTask.run(FutureTask.java:317)
at java.base/java.util.concurrent.ThreadPoolExecutor.runWorker(ThreadPoolExecutor.java:1144)
at java.base/java.util.concurrent.ThreadPoolExecutor$Worker.run(ThreadPoolExecutor.java:642)
at java.base/java.lang.Thread.run(Thread.java:1570)
... Removed 18 stack frames]]>
    </failure>
  </testcase> <!-- verifyAmazonHomePage -->
</testsuite> <!-- EdgeTest -->
